<?xml version="1.0" encoding="UTF-8"?>
<!-- Generated by org.testng.reporters.JUnitReportReporter -->
<testsuite hostname="DESKTOP-TP2LVUE" failures="0" tests="1" name="com.xyz.qa.testcases.CustomerAccountPageTest" time="8.046" errors="0" timestamp="07 Mar 2024 15:09:49 GMT" skipped="0">
  <testcase classname="com.xyz.qa.testcases.CustomerAccountPageTest" name="verifyCustomerAccountDetails" time="8.046"/>
</testsuite> <!-- com.xyz.qa.testcases.CustomerAccountPageTest -->
