<?xml version="1.0" encoding="UTF-8"?>
<!-- Generated by org.testng.reporters.JUnitReportReporter -->
<testsuite hostname="DESKTOP-TP2LVUE" failures="0" tests="1" name="com.xyz.qa.testcases.Withdraw_Tc" time="10.729" errors="0" timestamp="08 Mar 2024 13:16:56 GMT" skipped="0">
  <testcase classname="com.xyz.qa.testcases.Withdraw_Tc" name="withdrawAmount" time="10.729"/>
</testsuite> <!-- com.xyz.qa.testcases.Withdraw_Tc -->
