<?xml version="1.0" encoding="UTF-8"?>
<!-- Generated by org.testng.reporters.JUnitReportReporter -->
<testsuite hostname="DESKTOP-TP2LVUE" failures="0" tests="1" name="com.xyz.qa.testcases.Transaction_Tc" time="11.201" errors="0" timestamp="08 Mar 2024 08:22:49 GMT" skipped="0">
  <testcase classname="com.xyz.qa.testcases.Transaction_Tc" name="Transactions" time="11.201"/>
</testsuite> <!-- com.xyz.qa.testcases.Transaction_Tc -->
