<?xml version="1.0" encoding="UTF-8"?>
<!-- Generated by org.testng.reporters.JUnitReportReporter -->
<testsuite hostname="DESKTOP-TP2LVUE" failures="0" tests="1" name="com.xyz.qa.testcases.Manager_ACTc" time="9.772" errors="0" timestamp="08 Mar 2024 10:14:43 GMT" skipped="0">
  <testcase classname="com.xyz.qa.testcases.Manager_ACTc" name="AddCustomer" time="9.772"/>
</testsuite> <!-- com.xyz.qa.testcases.Manager_ACTc -->
