<?xml version="1.0" encoding="UTF-8"?>
<!-- Generated by org.testng.reporters.JUnitReportReporter -->
<testsuite hostname="DESKTOP-TP2LVUE" failures="0" tests="1" name="com.xyz.qa.testcases.Manager_CTc" time="11.517" errors="0" timestamp="08 Mar 2024 13:11:47 GMT" skipped="0">
  <testcase classname="com.xyz.qa.testcases.Manager_CTc" name="CustomerDetails" time="11.517"/>
</testsuite> <!-- com.xyz.qa.testcases.Manager_CTc -->
