<?xml version="1.0" encoding="UTF-8"?>
<!-- Generated by org.testng.reporters.JUnitReportReporter -->
<testsuite hostname="DESKTOP-TP2LVUE" failures="0" tests="1" name="com.xyz.qa.testcases.ManagerOpenAccountPageTest" time="12.105" errors="0" timestamp="07 Mar 2024 15:09:49 GMT" skipped="0">
  <testcase classname="com.xyz.qa.testcases.ManagerOpenAccountPageTest" name="verifyOpenAccountAlertMessage" time="12.105"/>
</testsuite> <!-- com.xyz.qa.testcases.ManagerOpenAccountPageTest -->
