<?xml version="1.0" encoding="UTF-8"?>
<!-- Generated by org.testng.reporters.JUnitReportReporter -->
<testsuite hostname="DESKTOP-TP2LVUE" failures="0" tests="2" name="com.xyz.qa.testcases.LoginPageTest" time="16.006" errors="0" timestamp="07 Mar 2024 15:09:49 GMT" skipped="0">
  <testcase classname="com.xyz.qa.testcases.LoginPageTest" name="loginPageTitleTest" time="5.284"/>
  <testcase classname="com.xyz.qa.testcases.LoginPageTest" name="loginTest" time="10.722"/>
</testsuite> <!-- com.xyz.qa.testcases.LoginPageTest -->
