<?xml version="1.0" encoding="UTF-8"?>
<!-- Generated by org.testng.reporters.JUnitReportReporter -->
<testsuite hostname="DESKTOP-TP2LVUE" failures="0" tests="1" name="com.xyz.qa.testcases.Login_Tc" time="13.107" errors="0" timestamp="08 Mar 2024 09:00:08 GMT" skipped="0">
  <testcase classname="com.xyz.qa.testcases.Login_Tc" name="loginTest" time="13.107"/>
</testsuite> <!-- com.xyz.qa.testcases.Login_Tc -->
