<?xml version="1.0" encoding="UTF-8"?>
<!-- Generated by org.testng.reporters.JUnitReportReporter -->
<testsuite hostname="DESKTOP-TP2LVUE" failures="0" tests="1" name="com.xyz.qa.testcases.Deposit_Tc" time="13.110" errors="0" timestamp="08 Mar 2024 13:15:20 GMT" skipped="0">
  <testcase classname="com.xyz.qa.testcases.Deposit_Tc" name="depositAmount" time="13.110"/>
</testsuite> <!-- com.xyz.qa.testcases.Deposit_Tc -->
