<?xml version="1.0" encoding="UTF-8"?>
<!-- Generated by org.testng.reporters.JUnitReportReporter -->
<testsuite hostname="DESKTOP-TP2LVUE" failures="0" tests="1" name="com.xyz.qa.testcases.Manager_OATc" time="11.913" errors="0" timestamp="08 Mar 2024 10:17:24 GMT" skipped="0">
  <testcase classname="com.xyz.qa.testcases.Manager_OATc" name="OpenAccount" time="11.913"/>
</testsuite> <!-- com.xyz.qa.testcases.Manager_OATc -->
