<?xml version="1.0" encoding="UTF-8"?>
<!-- Generated by org.testng.reporters.JUnitReportReporter -->
<testsuite hostname="hplaptop" failures="0" tests="3" name="com.xyz.qa.testcases.LoginPageTest" time="61.012" errors="0" timestamp="06 Mar 2024 17:17:04 GMT" skipped="0">
  <testcase classname="com.xyz.qa.testcases.LoginPageTest" name="customerLoginTest" time="14.348"/>
  <testcase classname="com.xyz.qa.testcases.LoginPageTest" name="loginPageTitleTest" time="34.102"/>
  <testcase classname="com.xyz.qa.testcases.LoginPageTest" name="loginTest" time="12.562"/>
</testsuite> <!-- com.xyz.qa.testcases.LoginPageTest -->
